<?xml version="1.0" encoding="UTF-8"?>
<testsuite name="com.ford.gqas.PrototypeAppTests" tests="3" skipped="0" failures="0" errors="0" timestamp="2017-03-31T17:26:27" hostname="WGC1W75QKDSD2" time="0.625">
  <properties/>
  <testcase name="testUnauthenticated" classname="com.ford.gqas.PrototypeAppTests" time="0.484"/>
  <testcase name="testAuthenticated" classname="com.ford.gqas.PrototypeAppTests" time="0.079"/>
  <testcase name="testRedisIsEmpty" classname="com.ford.gqas.PrototypeAppTests" time="0.062"/>
  <system-out><![CDATA[13:26:24.004 [Test worker] DEBUG org.springframework.test.context.junit4.SpringJUnit4ClassRunner - SpringJUnit4ClassRunner constructor called with [class com.ford.gqas.PrototypeAppTests]
13:26:24.020 [Test worker] DEBUG org.springframework.test.context.BootstrapUtils - Instantiating CacheAwareContextLoaderDelegate from class [org.springframework.test.context.cache.DefaultCacheAwareContextLoaderDelegate]
13:26:24.020 [Test worker] DEBUG org.springframework.test.context.BootstrapUtils - Instantiating BootstrapContext using constructor [public org.springframework.test.context.support.DefaultBootstrapContext(java.lang.Class,org.springframework.test.context.CacheAwareContextLoaderDelegate)]
13:26:24.035 [Test worker] DEBUG org.springframework.test.context.BootstrapUtils - Instantiating TestContextBootstrapper for test class [com.ford.gqas.PrototypeAppTests] from class [org.springframework.boot.test.context.SpringBootTestContextBootstrapper]
13:26:24.035 [Test worker] INFO org.springframework.boot.test.context.SpringBootTestContextBootstrapper - Neither @ContextConfiguration nor @ContextHierarchy found for test class [com.ford.gqas.PrototypeAppTests], using SpringBootContextLoader
13:26:24.051 [Test worker] DEBUG org.springframework.test.context.support.AbstractContextLoader - Did not detect default resource location for test class [com.ford.gqas.PrototypeAppTests]: class path resource [com/ford/gqas/PrototypeAppTests-context.xml] does not exist
13:26:24.051 [Test worker] DEBUG org.springframework.test.context.support.AbstractContextLoader - Did not detect default resource location for test class [com.ford.gqas.PrototypeAppTests]: class path resource [com/ford/gqas/PrototypeAppTestsContext.groovy] does not exist
13:26:24.051 [Test worker] INFO org.springframework.test.context.support.AbstractContextLoader - Could not detect default resource locations for test class [com.ford.gqas.PrototypeAppTests]: no resource found for suffixes {-context.xml, Context.groovy}.
13:26:24.067 [Test worker] DEBUG org.springframework.test.context.support.ActiveProfilesUtils - Could not find an 'annotation declaring class' for annotation type [org.springframework.test.context.ActiveProfiles] and class [com.ford.gqas.PrototypeAppTests]
13:26:24.082 [Test worker] DEBUG org.springframework.boot.test.context.SpringBootTestContextBootstrapper - @TestExecutionListeners is not present for class [com.ford.gqas.PrototypeAppTests]: using defaults.
13:26:24.098 [Test worker] INFO org.springframework.boot.test.context.SpringBootTestContextBootstrapper - Loaded default TestExecutionListener class names from location [META-INF/spring.factories]: [org.springframework.boot.test.mock.mockito.MockitoTestExecutionListener, org.springframework.boot.test.mock.mockito.ResetMocksTestExecutionListener, org.springframework.boot.test.autoconfigure.restdocs.RestDocsTestExecutionListener, org.springframework.boot.test.autoconfigure.web.client.MockRestServiceServerResetTestExecutionListener, org.springframework.boot.test.autoconfigure.web.servlet.MockMvcPrintOnlyOnFailureTestExecutionListener, org.springframework.boot.test.autoconfigure.web.servlet.WebDriverTestExecutionListener, org.springframework.test.context.web.ServletTestExecutionListener, org.springframework.test.context.support.DirtiesContextBeforeModesTestExecutionListener, org.springframework.test.context.support.DependencyInjectionTestExecutionListener, org.springframework.test.context.support.DirtiesContextTestExecutionListener, org.springframework.test.context.transaction.TransactionalTestExecutionListener, org.springframework.test.context.jdbc.SqlScriptsTestExecutionListener]
13:26:24.113 [Test worker] INFO org.springframework.boot.test.context.SpringBootTestContextBootstrapper - Using TestExecutionListeners: [org.springframework.test.context.web.ServletTestExecutionListener@530bfe, org.springframework.test.context.support.DirtiesContextBeforeModesTestExecutionListener@8b5a2c, org.springframework.boot.test.autoconfigure.SpringBootDependencyInjectionTestExecutionListener@a596f6, org.springframework.test.context.support.DirtiesContextTestExecutionListener@1fc7959, org.springframework.test.context.transaction.TransactionalTestExecutionListener@1809f63, org.springframework.test.context.jdbc.SqlScriptsTestExecutionListener@1a4e045, org.springframework.boot.test.mock.mockito.ResetMocksTestExecutionListener@18cc461, org.springframework.boot.test.mock.mockito.MockitoTestExecutionListener@1d05438, org.springframework.boot.test.autoconfigure.web.servlet.WebDriverTestExecutionListener@56b226, org.springframework.boot.test.autoconfigure.web.client.MockRestServiceServerResetTestExecutionListener@50d9e1, org.springframework.boot.test.autoconfigure.web.servlet.MockMvcPrintOnlyOnFailureTestExecutionListener@124ab06, org.springframework.boot.test.autoconfigure.restdocs.RestDocsTestExecutionListener@448e]
13:26:24.113 [Test worker] DEBUG org.springframework.test.annotation.ProfileValueUtils - Retrieved @ProfileValueSourceConfiguration [null] for test class [com.ford.gqas.PrototypeAppTests]
13:26:24.113 [Test worker] DEBUG org.springframework.test.annotation.ProfileValueUtils - Retrieved ProfileValueSource type [class org.springframework.test.annotation.SystemProfileValueSource] for class [com.ford.gqas.PrototypeAppTests]
13:26:24.113 [Test worker] DEBUG org.springframework.test.annotation.ProfileValueUtils - Retrieved @ProfileValueSourceConfiguration [null] for test class [com.ford.gqas.PrototypeAppTests]
13:26:24.113 [Test worker] DEBUG org.springframework.test.annotation.ProfileValueUtils - Retrieved ProfileValueSource type [class org.springframework.test.annotation.SystemProfileValueSource] for class [com.ford.gqas.PrototypeAppTests]
13:26:24.113 [Test worker] DEBUG org.springframework.test.context.support.AbstractDirtiesContextTestExecutionListener - Before test class: context [DefaultTestContext@17bfb0 testClass = PrototypeAppTests, testInstance = [null], testMethod = [null], testException = [null], mergedContextConfiguration = [WebMergedContextConfiguration@d5be48 testClass = PrototypeAppTests, locations = '{}', classes = '{class com.ford.gqas.PrototypeApp, class com.ford.gqas.PrototypeApp}', contextInitializerClasses = '[]', activeProfiles = '{}', propertySourceLocations = '{}', propertySourceProperties = '{management.port=0, org.springframework.boot.test.context.SpringBootTestContextBootstrapper=true, server.port=0}', contextCustomizers = set[org.springframework.boot.test.context.SpringBootTestContextCustomizer@5bc69, org.springframework.boot.test.context.filter.ExcludeFilterContextCustomizer@1c6a97a, org.springframework.boot.test.mock.mockito.MockitoContextCustomizer@0, org.springframework.boot.test.autoconfigure.properties.PropertyMappingContextCustomizer@0, org.springframework.boot.test.autoconfigure.web.servlet.WebDriverContextCustomizerFactory$Customizer@ff01ed], resourceBasePath = 'src/main/webapp', contextLoader = 'org.springframework.boot.test.context.SpringBootContextLoader', parent = [null]]], class annotated with @DirtiesContext [false] with mode [null].
13:26:24.113 [Test worker] DEBUG org.springframework.test.annotation.ProfileValueUtils - Retrieved @ProfileValueSourceConfiguration [null] for test class [com.ford.gqas.PrototypeAppTests]
13:26:24.113 [Test worker] DEBUG org.springframework.test.annotation.ProfileValueUtils - Retrieved ProfileValueSource type [class org.springframework.test.annotation.SystemProfileValueSource] for class [com.ford.gqas.PrototypeAppTests]
13:26:24.113 [Test worker] DEBUG org.springframework.test.context.support.DependencyInjectionTestExecutionListener - Performing dependency injection for test context [[DefaultTestContext@17bfb0 testClass = PrototypeAppTests, testInstance = com.ford.gqas.PrototypeAppTests@189c5d1, testMethod = [null], testException = [null], mergedContextConfiguration = [WebMergedContextConfiguration@d5be48 testClass = PrototypeAppTests, locations = '{}', classes = '{class com.ford.gqas.PrototypeApp, class com.ford.gqas.PrototypeApp}', contextInitializerClasses = '[]', activeProfiles = '{}', propertySourceLocations = '{}', propertySourceProperties = '{management.port=0, org.springframework.boot.test.context.SpringBootTestContextBootstrapper=true, server.port=0}', contextCustomizers = set[org.springframework.boot.test.context.SpringBootTestContextCustomizer@5bc69, org.springframework.boot.test.context.filter.ExcludeFilterContextCustomizer@1c6a97a, org.springframework.boot.test.mock.mockito.MockitoContextCustomizer@0, org.springframework.boot.test.autoconfigure.properties.PropertyMappingContextCustomizer@0, org.springframework.boot.test.autoconfigure.web.servlet.WebDriverContextCustomizerFactory$Customizer@ff01ed], resourceBasePath = 'src/main/webapp', contextLoader = 'org.springframework.boot.test.context.SpringBootContextLoader', parent = [null]]]].
13:26:24.160 [Test worker] DEBUG org.springframework.core.env.StandardEnvironment - Adding [systemProperties] PropertySource with lowest search precedence
13:26:24.160 [Test worker] DEBUG org.springframework.core.env.StandardEnvironment - Adding [systemEnvironment] PropertySource with lowest search precedence
13:26:24.160 [Test worker] DEBUG org.springframework.core.env.StandardEnvironment - Initialized StandardEnvironment with PropertySources [systemProperties,systemEnvironment]
13:26:24.160 [Test worker] DEBUG org.springframework.test.context.support.TestPropertySourceUtils - Adding inlined properties to environment: {spring.jmx.enabled=false, management.port=0, org.springframework.boot.test.context.SpringBootTestContextBootstrapper=true, server.port=0}
13:26:24.160 [Test worker] DEBUG org.springframework.core.env.StandardEnvironment - Adding [Inlined Test Properties] PropertySource with highest search precedence

  .   ____          _            __ _ _
 /\\ / ___'_ __ _ _(_)_ __  __ _ \ \ \ \
( ( )\___ | '_ | '_| | '_ \/ _` | \ \ \ \
 \\/  ___)| |_)| | | | | || (_| |  ) ) ) )
  '  |____| .__|_| |_|_| |_\__, | / / / /
 =========|_|==============|___/=/_/_/_/
 :: Spring Boot ::        (v1.5.2.RELEASE)

2017-03-31 13:26:24.394  INFO 7064 --- [    Test worker] com.ford.gqas.PrototypeAppTests          : Starting PrototypeAppTests on WGC1W75QKDSD2 with PID 7064 (started by WFAN10 in C:\Users\wfan10\gqas-workspace\gqas-prototype)
2017-03-31 13:26:24.394 DEBUG 7064 --- [    Test worker] com.ford.gqas.PrototypeAppTests          : Running with Spring Boot v1.5.2.RELEASE, Spring v4.3.7.RELEASE
2017-03-31 13:26:24.394  INFO 7064 --- [    Test worker] com.ford.gqas.PrototypeAppTests          : No active profile set, falling back to default profiles: default
2017-03-31 13:26:24.410  INFO 7064 --- [    Test worker] ationConfigEmbeddedWebApplicationContext : Refreshing org.springframework.boot.context.embedded.AnnotationConfigEmbeddedWebApplicationContext@6c7212: startup date [Fri Mar 31 13:26:24 EDT 2017]; root of context hierarchy
2017-03-31 13:26:25.174  INFO 7064 --- [    Test worker] .s.d.r.c.RepositoryConfigurationDelegate : Multiple Spring Data modules found, entering strict repository configuration mode!
2017-03-31 13:26:25.580  INFO 7064 --- [    Test worker] trationDelegate$BeanPostProcessorChecker : Bean 'cacheConfig' of type [com.ford.gqas.config.CacheConfig$$EnhancerBySpringCGLIB$$ad14fe4f] is not eligible for getting processed by all BeanPostProcessors (for example: not eligible for auto-proxying)
2017-03-31 13:26:25.595  INFO 7064 --- [    Test worker] trationDelegate$BeanPostProcessorChecker : Bean 'org.springframework.transaction.annotation.ProxyTransactionManagementConfiguration' of type [org.springframework.transaction.annotation.ProxyTransactionManagementConfiguration$$EnhancerBySpringCGLIB$$25bdc826] is not eligible for getting processed by all BeanPostProcessors (for example: not eligible for auto-proxying)
2017-03-31 13:26:25.611  INFO 7064 --- [    Test worker] trationDelegate$BeanPostProcessorChecker : Bean 'org.springframework.cache.annotation.ProxyCachingConfiguration' of type [org.springframework.cache.annotation.ProxyCachingConfiguration$$EnhancerBySpringCGLIB$$6ecffe44] is not eligible for getting processed by all BeanPostProcessors (for example: not eligible for auto-proxying)
2017-03-31 13:26:25.845  INFO 7064 --- [    Test worker] s.b.c.e.t.TomcatEmbeddedServletContainer : Tomcat initialized with port(s): 0 (http)
2017-03-31 13:26:25.845  INFO 7064 --- [    Test worker] o.apache.catalina.core.StandardService   : Starting service Tomcat
2017-03-31 13:26:25.845  INFO 7064 --- [    Test worker] org.apache.catalina.core.StandardEngine  : Starting Servlet Engine: Apache Tomcat/8.5.11
2017-03-31 13:26:25.923  INFO 7064 --- [ost-startStop-1] o.a.c.c.C.[Tomcat].[localhost].[/]       : Initializing Spring embedded WebApplicationContext
2017-03-31 13:26:25.923  INFO 7064 --- [ost-startStop-1] o.s.web.context.ContextLoader            : Root WebApplicationContext: initialization completed in 1513 ms
2017-03-31 13:26:26.438  INFO 7064 --- [ost-startStop-1] o.s.b.w.servlet.FilterRegistrationBean   : Mapping filter: 'metricsFilter' to: [/*]
2017-03-31 13:26:26.438  INFO 7064 --- [ost-startStop-1] o.s.b.w.servlet.FilterRegistrationBean   : Mapping filter: 'characterEncodingFilter' to: [/*]
2017-03-31 13:26:26.438  INFO 7064 --- [ost-startStop-1] o.s.b.w.servlet.FilterRegistrationBean   : Mapping filter: 'springSessionRepositoryFilter' to: [/*]
2017-03-31 13:26:26.438  INFO 7064 --- [ost-startStop-1] o.s.b.w.servlet.FilterRegistrationBean   : Mapping filter: 'hiddenHttpMethodFilter' to: [/*]
2017-03-31 13:26:26.438  INFO 7064 --- [ost-startStop-1] o.s.b.w.servlet.FilterRegistrationBean   : Mapping filter: 'httpPutFormContentFilter' to: [/*]
2017-03-31 13:26:26.438  INFO 7064 --- [ost-startStop-1] o.s.b.w.servlet.FilterRegistrationBean   : Mapping filter: 'requestContextFilter' to: [/*]
2017-03-31 13:26:26.438  INFO 7064 --- [ost-startStop-1] .s.DelegatingFilterProxyRegistrationBean : Mapping filter: 'springSecurityFilterChain' to: [/*]
2017-03-31 13:26:26.438  INFO 7064 --- [ost-startStop-1] o.s.b.w.servlet.FilterRegistrationBean   : Mapping filter: 'webRequestLoggingFilter' to: [/*]
2017-03-31 13:26:26.438  INFO 7064 --- [ost-startStop-1] o.s.b.w.servlet.FilterRegistrationBean   : Mapping filter: 'applicationContextIdFilter' to: [/*]
2017-03-31 13:26:26.438  INFO 7064 --- [ost-startStop-1] o.s.b.w.servlet.ServletRegistrationBean  : Mapping servlet: 'dispatcherServlet' to [/]
2017-03-31 13:26:26.531  WARN 7064 --- [    Test worker] figurationPropertiesBindingPostProcessor : The @ConfigurationProperties bean class com.ford.gqas.config.DBConfiguration$$EnhancerBySpringCGLIB$$9f9930a3 contains validation constraints but had not been annotated with @Validated.
2017-03-31 13:26:26.531  WARN 7064 --- [    Test worker] figurationPropertiesBindingPostProcessor : The @ConfigurationProperties bean class com.ford.gqas.config.DBConfiguration$$EnhancerBySpringCGLIB$$9f9930a3 contains validation constraints but had not been annotated with @Validated.
2017-03-31 13:26:26.531  WARN 7064 --- [    Test worker] figurationPropertiesBindingPostProcessor : The @ConfigurationProperties bean class com.ford.gqas.config.DBConfiguration$$EnhancerBySpringCGLIB$$9f9930a3 contains validation constraints but had not been annotated with @Validated.
2017-03-31 13:26:26.843  INFO 7064 --- [    Test worker] o.s.s.web.DefaultSecurityFilterChain     : Creating filter chain: Ant [pattern='/resources'], []
2017-03-31 13:26:26.906  INFO 7064 --- [    Test worker] o.s.s.web.DefaultSecurityFilterChain     : Creating filter chain: org.springframework.security.web.util.matcher.AnyRequestMatcher@1, [org.springframework.security.web.context.request.async.WebAsyncManagerIntegrationFilter@10e2f73, org.springframework.security.web.context.SecurityContextPersistenceFilter@ab338c, org.springframework.security.web.header.HeaderWriterFilter@1e6d8a5, org.springframework.security.web.authentication.logout.LogoutFilter@1435b17, org.springframework.security.web.session.ConcurrentSessionFilter@1108d74, org.springframework.security.web.authentication.www.BasicAuthenticationFilter@e6c8cb, org.springframework.security.web.savedrequest.RequestCacheAwareFilter@1c5e181, org.springframework.security.web.servletapi.SecurityContextHolderAwareRequestFilter@b1285, org.springframework.security.web.authentication.AnonymousAuthenticationFilter@16a0cc9, org.springframework.security.web.session.SessionManagementFilter@139d542, org.springframework.security.web.access.ExceptionTranslationFilter@338e24, org.springframework.security.web.access.intercept.FilterSecurityInterceptor@1bb08d0]
2017-03-31 13:26:26.921  INFO 7064 --- [    Test worker] o.s.s.web.DefaultSecurityFilterChain     : Creating filter chain: org.springframework.boot.actuate.autoconfigure.ManagementWebSecurityAutoConfiguration$LazyEndpointPathRequestMatcher@52ca8, [org.springframework.security.web.context.request.async.WebAsyncManagerIntegrationFilter@1a2204a, org.springframework.security.web.context.SecurityContextPersistenceFilter@70183, org.springframework.security.web.header.HeaderWriterFilter@4b3dfb, org.springframework.security.web.authentication.logout.LogoutFilter@1362817, org.springframework.security.web.authentication.www.BasicAuthenticationFilter@1016e28, org.springframework.security.web.savedrequest.RequestCacheAwareFilter@921173, org.springframework.security.web.servletapi.SecurityContextHolderAwareRequestFilter@10959ff, org.springframework.security.web.authentication.AnonymousAuthenticationFilter@2326e5, org.springframework.security.web.session.SessionManagementFilter@1d3a405, org.springframework.security.web.access.ExceptionTranslationFilter@1f4b73f, org.springframework.security.web.access.intercept.FilterSecurityInterceptor@7b7033]
2017-03-31 13:26:27.015  INFO 7064 --- [    Test worker] s.w.s.m.m.a.RequestMappingHandlerAdapter : Looking for @ControllerAdvice: org.springframework.boot.context.embedded.AnnotationConfigEmbeddedWebApplicationContext@6c7212: startup date [Fri Mar 31 13:26:24 EDT 2017]; root of context hierarchy
2017-03-31 13:26:27.062  INFO 7064 --- [    Test worker] s.w.s.m.m.a.RequestMappingHandlerMapping : Mapped "{[/address/{id}],methods=[GET],produces=[application/json]}" onto public org.springframework.http.ResponseEntity<com.ford.gqas.prototype.model.AddressDTO> com.ford.gqas.prototype.controller.StudentController.getAddress(long)
2017-03-31 13:26:27.077  INFO 7064 --- [    Test worker] s.w.s.m.m.a.RequestMappingHandlerMapping : Mapped "{[/resources],methods=[GET]}" onto public java.util.Map<java.lang.String, java.lang.String> com.ford.gqas.prototype.controller.StudentController.getResource()
2017-03-31 13:26:27.077  INFO 7064 --- [    Test worker] s.w.s.m.m.a.RequestMappingHandlerMapping : Mapped "{[/test],methods=[GET]}" onto public java.lang.String com.ford.gqas.prototype.controller.StudentController.getTest()
2017-03-31 13:26:27.077  INFO 7064 --- [    Test worker] s.w.s.m.m.a.RequestMappingHandlerMapping : Mapped "{[/logout],methods=[GET]}" onto public org.springframework.http.ResponseEntity<java.lang.Void> com.ford.gqas.prototype.controller.StudentController.logout(javax.servlet.http.HttpSession)
2017-03-31 13:26:27.077  INFO 7064 --- [    Test worker] s.w.s.m.m.a.RequestMappingHandlerMapping : Mapped "{[/states],methods=[GET]}" onto public org.springframework.http.ResponseEntity<java.util.List<com.ford.gqas.prototype.model.StateinfoDTO>> com.ford.gqas.prototype.controller.StudentController.listAllStates()
2017-03-31 13:26:27.077  INFO 7064 --- [    Test worker] s.w.s.m.m.a.RequestMappingHandlerMapping : Mapped "{[/student],methods=[GET]}" onto public org.springframework.http.ResponseEntity<java.util.List<com.ford.gqas.prototype.model.StudentDTO>> com.ford.gqas.prototype.controller.StudentController.listAllStudents()
2017-03-31 13:26:27.077  INFO 7064 --- [    Test worker] s.w.s.m.m.a.RequestMappingHandlerMapping : Mapped "{[/student/{id}],methods=[GET],produces=[application/json]}" onto public org.springframework.http.ResponseEntity<com.ford.gqas.prototype.model.StudentDTO> com.ford.gqas.prototype.controller.StudentController.getStudent(long)
2017-03-31 13:26:27.077  INFO 7064 --- [    Test worker] s.w.s.m.m.a.RequestMappingHandlerMapping : Mapped "{[/student],methods=[POST]}" onto public org.springframework.http.ResponseEntity<java.lang.Void> com.ford.gqas.prototype.controller.StudentController.createStudent(com.ford.gqas.prototype.model.StudentDTO,javax.servlet.http.HttpSession)
2017-03-31 13:26:27.077  INFO 7064 --- [    Test worker] s.w.s.m.m.a.RequestMappingHandlerMapping : Mapped "{[/address],methods=[POST]}" onto public org.springframework.http.ResponseEntity<com.ford.gqas.prototype.model.StudentDTO> com.ford.gqas.prototype.controller.StudentController.createAddress(com.ford.gqas.prototype.model.AddressDTO,javax.servlet.http.HttpSession)
2017-03-31 13:26:27.077  INFO 7064 --- [    Test worker] s.w.s.m.m.a.RequestMappingHandlerMapping : Mapped "{[/student/{id}],methods=[PUT]}" onto public org.springframework.http.ResponseEntity<com.ford.gqas.prototype.model.StudentDTO> com.ford.gqas.prototype.controller.StudentController.updateStudent(long,com.ford.gqas.prototype.model.StudentDTO)
2017-03-31 13:26:27.077  INFO 7064 --- [    Test worker] s.w.s.m.m.a.RequestMappingHandlerMapping : Mapped "{[/address/{id}],methods=[PUT]}" onto public org.springframework.http.ResponseEntity<com.ford.gqas.prototype.model.AddressDTO> com.ford.gqas.prototype.controller.StudentController.updateAddress(long,com.ford.gqas.prototype.model.AddressDTO)
2017-03-31 13:26:27.077  INFO 7064 --- [    Test worker] s.w.s.m.m.a.RequestMappingHandlerMapping : Mapped "{[/student/{id}],methods=[DELETE]}" onto public org.springframework.http.ResponseEntity<com.ford.gqas.prototype.model.StudentDTO> com.ford.gqas.prototype.controller.StudentController.deleteStudent(long)
2017-03-31 13:26:27.077  INFO 7064 --- [    Test worker] s.w.s.m.m.a.RequestMappingHandlerMapping : Mapped "{[/error]}" onto public org.springframework.http.ResponseEntity<java.util.Map<java.lang.String, java.lang.Object>> org.springframework.boot.autoconfigure.web.BasicErrorController.error(javax.servlet.http.HttpServletRequest)
2017-03-31 13:26:27.077  INFO 7064 --- [    Test worker] s.w.s.m.m.a.RequestMappingHandlerMapping : Mapped "{[/error],produces=[text/html]}" onto public org.springframework.web.servlet.ModelAndView org.springframework.boot.autoconfigure.web.BasicErrorController.errorHtml(javax.servlet.http.HttpServletRequest,javax.servlet.http.HttpServletResponse)
2017-03-31 13:26:27.093  INFO 7064 --- [    Test worker] o.s.w.s.handler.SimpleUrlHandlerMapping  : Mapped URL path [/webjars/**] onto handler of type [class org.springframework.web.servlet.resource.ResourceHttpRequestHandler]
2017-03-31 13:26:27.093  INFO 7064 --- [    Test worker] o.s.w.s.handler.SimpleUrlHandlerMapping  : Mapped URL path [/**] onto handler of type [class org.springframework.web.servlet.resource.ResourceHttpRequestHandler]
2017-03-31 13:26:27.140  INFO 7064 --- [    Test worker] o.s.w.s.handler.SimpleUrlHandlerMapping  : Mapped URL path [/**/favicon.ico] onto handler of type [class org.springframework.web.servlet.resource.ResourceHttpRequestHandler]
2017-03-31 13:26:27.515  WARN 7064 --- [    Test worker] arterDeprecationWarningAutoConfiguration : spring-boot-starter-redis is deprecated as of Spring Boot 1.4, please migrate to spring-boot-starter-data-redis
2017-03-31 13:26:27.578  INFO 7064 --- [    Test worker] ationConfigEmbeddedWebApplicationContext : Refreshing org.springframework.boot.context.embedded.AnnotationConfigEmbeddedWebApplicationContext@1a1863c: startup date [Fri Mar 31 13:26:27 EDT 2017]; parent: org.springframework.boot.context.embedded.AnnotationConfigEmbeddedWebApplicationContext@6c7212
2017-03-31 13:26:27.593  INFO 7064 --- [    Test worker] o.s.b.f.s.DefaultListableBeanFactory     : Overriding bean definition for bean 'handlerExceptionResolver' with a different definition: replacing [Root bean: class [null]; scope=; abstract=false; lazyInit=false; autowireMode=3; dependencyCheck=0; autowireCandidate=true; primary=false; factoryBeanName=org.springframework.web.servlet.config.annotation.DelegatingWebMvcConfiguration; factoryMethodName=handlerExceptionResolver; initMethodName=null; destroyMethodName=(inferred); defined in org.springframework.web.servlet.config.annotation.DelegatingWebMvcConfiguration] with [Root bean: class [null]; scope=; abstract=false; lazyInit=false; autowireMode=3; dependencyCheck=0; autowireCandidate=true; primary=false; factoryBeanName=endpointWebMvcChildContextConfiguration; factoryMethodName=compositeHandlerExceptionResolver; initMethodName=null; destroyMethodName=(inferred); defined in org.springframework.boot.actuate.autoconfigure.EndpointWebMvcChildContextConfiguration]
2017-03-31 13:26:27.624  INFO 7064 --- [    Test worker] s.b.c.e.t.TomcatEmbeddedServletContainer : Tomcat initialized with port(s): 0 (http)
2017-03-31 13:26:27.624  INFO 7064 --- [    Test worker] o.apache.catalina.core.StandardService   : Starting service Tomcat
2017-03-31 13:26:27.624  INFO 7064 --- [    Test worker] org.apache.catalina.core.StandardEngine  : Starting Servlet Engine: Apache Tomcat/8.5.11
2017-03-31 13:26:27.640  INFO 7064 --- [ost-startStop-1] o.a.c.c.C.[Tomcat-1].[localhost].[/]     : Initializing Spring embedded WebApplicationContext
2017-03-31 13:26:27.640  INFO 7064 --- [ost-startStop-1] o.s.web.context.ContextLoader            : Root WebApplicationContext: initialization completed in 62 ms
2017-03-31 13:26:27.656  INFO 7064 --- [ost-startStop-1] o.s.b.w.servlet.ServletRegistrationBean  : Mapping servlet: 'dispatcherServlet' to [/]
2017-03-31 13:26:27.656  INFO 7064 --- [ost-startStop-1] o.s.b.w.servlet.FilterRegistrationBean   : Mapping filter: 'springSecurityFilterChain' to: [/*]
2017-03-31 13:26:27.702  INFO 7064 --- [    Test worker] o.s.b.a.e.mvc.EndpointHandlerMapping     : Mapped "{[/trace || /trace.json],methods=[GET],produces=[application/vnd.spring-boot.actuator.v1+json || application/json]}" onto public java.lang.Object org.springframework.boot.actuate.endpoint.mvc.EndpointMvcAdapter.invoke()
2017-03-31 13:26:27.702  INFO 7064 --- [    Test worker] o.s.b.a.e.mvc.EndpointHandlerMapping     : Mapped "{[/info || /info.json],methods=[GET],produces=[application/vnd.spring-boot.actuator.v1+json || application/json]}" onto public java.lang.Object org.springframework.boot.actuate.endpoint.mvc.EndpointMvcAdapter.invoke()
2017-03-31 13:26:27.702  INFO 7064 --- [    Test worker] o.s.b.a.e.mvc.EndpointHandlerMapping     : Mapped "{[/metrics/{name:.*}],methods=[GET],produces=[application/vnd.spring-boot.actuator.v1+json || application/json]}" onto public java.lang.Object org.springframework.boot.actuate.endpoint.mvc.MetricsMvcEndpoint.value(java.lang.String)
2017-03-31 13:26:27.702  INFO 7064 --- [    Test worker] o.s.b.a.e.mvc.EndpointHandlerMapping     : Mapped "{[/metrics || /metrics.json],methods=[GET],produces=[application/vnd.spring-boot.actuator.v1+json || application/json]}" onto public java.lang.Object org.springframework.boot.actuate.endpoint.mvc.EndpointMvcAdapter.invoke()
2017-03-31 13:26:27.718  INFO 7064 --- [    Test worker] o.s.b.a.e.mvc.EndpointHandlerMapping     : Mapped "{[/loggers/{name:.*}],methods=[GET],produces=[application/vnd.spring-boot.actuator.v1+json || application/json]}" onto public java.lang.Object org.springframework.boot.actuate.endpoint.mvc.LoggersMvcEndpoint.get(java.lang.String)
2017-03-31 13:26:27.718  INFO 7064 --- [    Test worker] o.s.b.a.e.mvc.EndpointHandlerMapping     : Mapped "{[/loggers/{name:.*}],methods=[POST],consumes=[application/vnd.spring-boot.actuator.v1+json || application/json],produces=[application/vnd.spring-boot.actuator.v1+json || application/json]}" onto public java.lang.Object org.springframework.boot.actuate.endpoint.mvc.LoggersMvcEndpoint.set(java.lang.String,java.util.Map<java.lang.String, java.lang.String>)
2017-03-31 13:26:27.718  INFO 7064 --- [    Test worker] o.s.b.a.e.mvc.EndpointHandlerMapping     : Mapped "{[/loggers || /loggers.json],methods=[GET],produces=[application/vnd.spring-boot.actuator.v1+json || application/json]}" onto public java.lang.Object org.springframework.boot.actuate.endpoint.mvc.EndpointMvcAdapter.invoke()
2017-03-31 13:26:27.718  INFO 7064 --- [    Test worker] o.s.b.a.e.mvc.EndpointHandlerMapping     : Mapped "{[/dump || /dump.json],methods=[GET],produces=[application/vnd.spring-boot.actuator.v1+json || application/json]}" onto public java.lang.Object org.springframework.boot.actuate.endpoint.mvc.EndpointMvcAdapter.invoke()
2017-03-31 13:26:27.718  INFO 7064 --- [    Test worker] o.s.b.a.e.mvc.EndpointHandlerMapping     : Mapped "{[/health || /health.json],methods=[GET],produces=[application/vnd.spring-boot.actuator.v1+json || application/json]}" onto public java.lang.Object org.springframework.boot.actuate.endpoint.mvc.HealthMvcEndpoint.invoke(javax.servlet.http.HttpServletRequest,java.security.Principal)
2017-03-31 13:26:27.718  INFO 7064 --- [    Test worker] o.s.b.a.e.mvc.EndpointHandlerMapping     : Mapped "{[/auditevents || /auditevents.json],methods=[GET],produces=[application/vnd.spring-boot.actuator.v1+json || application/json]}" onto public org.springframework.http.ResponseEntity<?> org.springframework.boot.actuate.endpoint.mvc.AuditEventsMvcEndpoint.findByPrincipalAndAfterAndType(java.lang.String,java.util.Date,java.lang.String)
2017-03-31 13:26:27.718  INFO 7064 --- [    Test worker] o.s.b.a.e.mvc.EndpointHandlerMapping     : Mapped "{[/configprops || /configprops.json],methods=[GET],produces=[application/vnd.spring-boot.actuator.v1+json || application/json]}" onto public java.lang.Object org.springframework.boot.actuate.endpoint.mvc.EndpointMvcAdapter.invoke()
2017-03-31 13:26:27.718  INFO 7064 --- [    Test worker] o.s.b.a.e.mvc.EndpointHandlerMapping     : Mapped "{[/env/{name:.*}],methods=[GET],produces=[application/vnd.spring-boot.actuator.v1+json || application/json]}" onto public java.lang.Object org.springframework.boot.actuate.endpoint.mvc.EnvironmentMvcEndpoint.value(java.lang.String)
2017-03-31 13:26:27.718  INFO 7064 --- [    Test worker] o.s.b.a.e.mvc.EndpointHandlerMapping     : Mapped "{[/env || /env.json],methods=[GET],produces=[application/vnd.spring-boot.actuator.v1+json || application/json]}" onto public java.lang.Object org.springframework.boot.actuate.endpoint.mvc.EndpointMvcAdapter.invoke()
2017-03-31 13:26:27.718  INFO 7064 --- [    Test worker] o.s.b.a.e.mvc.EndpointHandlerMapping     : Mapped "{[/heapdump || /heapdump.json],methods=[GET],produces=[application/octet-stream]}" onto public void org.springframework.boot.actuate.endpoint.mvc.HeapdumpMvcEndpoint.invoke(boolean,javax.servlet.http.HttpServletRequest,javax.servlet.http.HttpServletResponse) throws java.io.IOException,javax.servlet.ServletException
2017-03-31 13:26:27.718  INFO 7064 --- [    Test worker] o.s.b.a.e.mvc.EndpointHandlerMapping     : Mapped "{[/mappings || /mappings.json],methods=[GET],produces=[application/vnd.spring-boot.actuator.v1+json || application/json]}" onto public java.lang.Object org.springframework.boot.actuate.endpoint.mvc.EndpointMvcAdapter.invoke()
2017-03-31 13:26:27.718  INFO 7064 --- [    Test worker] o.s.b.a.e.mvc.EndpointHandlerMapping     : Mapped "{[/beans || /beans.json],methods=[GET],produces=[application/vnd.spring-boot.actuator.v1+json || application/json]}" onto public java.lang.Object org.springframework.boot.actuate.endpoint.mvc.EndpointMvcAdapter.invoke()
2017-03-31 13:26:27.718  INFO 7064 --- [    Test worker] o.s.b.a.e.mvc.EndpointHandlerMapping     : Mapped "{[/logfile || /logfile.json],methods=[GET || HEAD]}" onto public void org.springframework.boot.actuate.endpoint.mvc.LogFileMvcEndpoint.invoke(javax.servlet.http.HttpServletRequest,javax.servlet.http.HttpServletResponse) throws javax.servlet.ServletException,java.io.IOException
2017-03-31 13:26:27.718  INFO 7064 --- [    Test worker] o.s.b.a.e.mvc.EndpointHandlerMapping     : Mapped "{[/autoconfig || /autoconfig.json],methods=[GET],produces=[application/vnd.spring-boot.actuator.v1+json || application/json]}" onto public java.lang.Object org.springframework.boot.actuate.endpoint.mvc.EndpointMvcAdapter.invoke()
2017-03-31 13:26:27.734  INFO 7064 --- [    Test worker] s.w.s.m.m.a.RequestMappingHandlerMapping : Mapped "{[/error]}" onto public java.util.Map<java.lang.String, java.lang.Object> org.springframework.boot.actuate.endpoint.mvc.ManagementErrorEndpoint.invoke()
2017-03-31 13:26:27.734  INFO 7064 --- [    Test worker] o.s.w.s.handler.SimpleUrlHandlerMapping  : Mapped URL path [/webjars/**] onto handler of type [class org.springframework.web.servlet.resource.ResourceHttpRequestHandler]
2017-03-31 13:26:27.734  INFO 7064 --- [    Test worker] o.s.w.s.handler.SimpleUrlHandlerMapping  : Mapped URL path [/**] onto handler of type [class org.springframework.web.servlet.resource.ResourceHttpRequestHandler]
2017-03-31 13:26:27.749  INFO 7064 --- [    Test worker] s.w.s.m.m.a.RequestMappingHandlerAdapter : Looking for @ControllerAdvice: org.springframework.boot.context.embedded.AnnotationConfigEmbeddedWebApplicationContext@1a1863c: startup date [Fri Mar 31 13:26:27 EDT 2017]; parent: org.springframework.boot.context.embedded.AnnotationConfigEmbeddedWebApplicationContext@6c7212
2017-03-31 13:26:27.796  INFO 7064 --- [    Test worker] s.b.c.e.t.TomcatEmbeddedServletContainer : Tomcat started on port(s): 23273 (http)
2017-03-31 13:26:27.812  INFO 7064 --- [    Test worker] o.s.c.support.DefaultLifecycleProcessor  : Starting beans in phase 2147483647
2017-03-31 13:26:27.812  INFO 7064 --- [    Test worker] s.a.ScheduledAnnotationBeanPostProcessor : No TaskScheduler/ScheduledExecutorService bean found for scheduled processing
2017-03-31 13:26:27.827  INFO 7064 --- [    Test worker] s.b.c.e.t.TomcatEmbeddedServletContainer : Tomcat started on port(s): 23280 (http)
2017-03-31 13:26:27.827  INFO 7064 --- [    Test worker] com.ford.gqas.PrototypeAppTests          : Started PrototypeAppTests in 3.667 seconds (JVM running for 4.325)
2017-03-31 13:26:28.186  INFO 7064 --- [o-auto-2-exec-1] o.a.c.c.C.[Tomcat].[localhost].[/]       : Initializing Spring FrameworkServlet 'dispatcherServlet'
2017-03-31 13:26:28.186  INFO 7064 --- [o-auto-2-exec-1] o.s.web.servlet.DispatcherServlet        : FrameworkServlet 'dispatcherServlet': initialization started
2017-03-31 13:26:28.202  INFO 7064 --- [o-auto-2-exec-1] o.s.web.servlet.DispatcherServlet        : FrameworkServlet 'dispatcherServlet': initialization completed in 16 ms
]]></system-out>
  <system-err><![CDATA[]]></system-err>
</testsuite>
