<?xml version="1.0" encoding="UTF-8"?>
<testsuite name="com.ford.gqas.global.LibraryTest" tests="1" skipped="0" failures="0" errors="0" timestamp="2017-03-31T17:26:23" hostname="WGC1W75QKDSD2" time="0.0">
  <properties/>
  <testcase name="testSomeLibraryMethod" classname="com.ford.gqas.global.LibraryTest" time="0.0"/>
  <system-out><![CDATA[]]></system-out>
  <system-err><![CDATA[]]></system-err>
</testsuite>
